<?xml version="1.0" encoding="UTF-8"?>
<coverage generated="1752434751140" clover="3.2.0">
  <project timestamp="1752434751140" name="All files">
    <metrics statements="5" coveredstatements="5" conditionals="10" coveredconditionals="8" methods="1" coveredmethods="1" elements="16" coveredelements="14" complexity="0" loc="5" ncloc="5" packages="1" files="1" classes="1"/>
    <file name="Button.jsx" path="/media/aman/HDD1/plp/week-6-test-debug-assignment-AmanT776/client/src/components/Button.jsx">
      <metrics statements="5" coveredstatements="5" conditionals="10" coveredconditionals="8" methods="1" coveredmethods="1"/>
      <line num="3" count="1" type="stmt"/>
      <line num="9" count="1" type="stmt"/>
      <line num="23" count="12" type="stmt"/>
      <line num="28" count="12" type="cond" truecount="2" falsecount="0"/>
      <line num="29" count="12" type="stmt"/>
    </file>
  </project>
</coverage>
