{"/media/aman/HDD1/plp/week-6-test-debug-assignment-AmanT776/client/src/components/Button.jsx": {"path":"/media/aman/HDD1/plp/week-6-test-debug-assignment-AmanT776/client/src/components/Button.jsx","statementMap":{"0":{"start":{"line":3,"column":24},"end":{"line":7,"column":1}},"1":{"start":{"line":9,"column":21},"end":{"line":13,"column":1}},"2":{"start":{"line":23,"column":16},"end":{"line":27,"column":3}},"3":{"start":{"line":28,"column":2},"end":{"line":28,"column":45}},"4":{"start":{"line":28,"column":16},"end":{"line":28,"column":45}},"5":{"start":{"line":29,"column":2},"end":{"line":38,"column":4}}},"fnMap":{"0":{"name":"Button","decl":{"start":{"line":15,"column":24},"end":{"line":15,"column":30}},"loc":{"start":{"line":22,"column":3},"end":{"line":39,"column":1}},"line":22}},"branchMap":{"0":{"loc":{"start":{"line":17,"column":2},"end":{"line":17,"column":21}},"type":"default-arg","locations":[{"start":{"line":17,"column":12},"end":{"line":17,"column":21}}],"line":17},"1":{"loc":{"start":{"line":18,"column":2},"end":{"line":18,"column":13}},"type":"default-arg","locations":[{"start":{"line":18,"column":9},"end":{"line":18,"column":13}}],"line":18},"2":{"loc":{"start":{"line":19,"column":2},"end":{"line":19,"column":18}},"type":"default-arg","locations":[{"start":{"line":19,"column":13},"end":{"line":19,"column":18}}],"line":19},"3":{"loc":{"start":{"line":20,"column":2},"end":{"line":20,"column":16}},"type":"default-arg","locations":[{"start":{"line":20,"column":14},"end":{"line":20,"column":16}}],"line":20},"4":{"loc":{"start":{"line":24,"column":4},"end":{"line":24,"column":55}},"type":"binary-expr","locations":[{"start":{"line":24,"column":4},"end":{"line":24,"column":28}},{"start":{"line":24,"column":32},"end":{"line":24,"column":55}}],"line":24},"5":{"loc":{"start":{"line":25,"column":4},"end":{"line":25,"column":41}},"type":"binary-expr","locations":[{"start":{"line":25,"column":4},"end":{"line":25,"column":22}},{"start":{"line":25,"column":26},"end":{"line":25,"column":41}}],"line":25},"6":{"loc":{"start":{"line":28,"column":2},"end":{"line":28,"column":45}},"type":"if","locations":[{"start":{"line":28,"column":2},"end":{"line":28,"column":45}},{"start":{},"end":{}}],"line":28}},"s":{"0":1,"1":1,"2":12,"3":12,"4":2,"5":12},"f":{"0":12},"b":{"0":[9],"1":[9],"2":[10],"3":[11],"4":[12,0],"5":[12,0],"6":[2,10]},"_coverageSchema":"1a1c01bbd47fc00a2c39e90264f33305004495a9","hash":"c16b07c34a78aa76c2395cc90a84440095e6b4d1"}
}
